{"timestamp": "2025-06-05 22:15:31,672", "level": "INFO", "username": "student1", "action": "login_success", "extra": null}
{"timestamp": "2025-06-06 13:43:05,015", "level": "INFO", "username": "student1", "action": "login_success", "extra": null}
{"timestamp": "2025-06-06 14:13:25,375", "level": "INFO", "username": "student1", "action": "login_success", "extra": null}
{"timestamp": "2025-06-06 14:14:39,279", "level": "INFO", "username": "student1", "action": "admin_exit", "extra": null}
{"timestamp": "2025-06-06 15:48:08,352", "level": "INFO", "username": "student1", "action": "login_success", "extra": null}
{"timestamp": "2025-06-06 15:48:13,560", "level": "INFO", "username": "student1", "action": "launch_app", "extra": {"app": "notepad"}}
{"timestamp": "2025-06-06 17:03:45,646", "level": "INFO", "username": "student1", "action": "login_success", "extra": null}
{"timestamp": "2025-06-06 17:04:40,626", "level": "INFO", "username": "student1", "action": "login_success", "extra": null}
{"timestamp": "2025-06-06 17:06:37,471", "level": "INFO", "username": "student1", "action": "login_success", "extra": null}
{"timestamp": "2025-06-06 17:06:51,620", "level": "INFO", "username": "student1", "action": "launch_app", "extra": {"app": "C:/Windows/System32/notepad.exe"}}
{"timestamp": "2025-06-06 17:06:56,249", "level": "INFO", "username": "student1", "action": "launch_app", "extra": {"app": "C:/Windows/System32/calc.exe"}}
{"timestamp": "2025-06-06 17:10:34,324", "level": "INFO", "username": "student1", "action": "login_success", "extra": null}
{"timestamp": "2025-06-06 17:10:36,579", "level": "INFO", "username": "student1", "action": "launch_app_failed", "extra": {"app": "C:/Users/Msi/Desktop/Visual Studio 2022.lnk", "error": "[WinError 193] %1 не является приложением Win32"}}
{"timestamp": "2025-06-06 17:10:47,675", "level": "INFO", "username": "student1", "action": "launch_app_failed", "extra": {"app": "C:/Users/Msi/Desktop/Visual Studio 2022.lnk", "error": "[WinError 193] %1 не является приложением Win32"}}
{"timestamp": "2025-06-06 17:10:49,929", "level": "INFO", "username": "student1", "action": "launch_app_failed", "extra": {"app": "C:/Users/Msi/Desktop/Visual Studio 2022.lnk", "error": "[WinError 193] %1 не является приложением Win32"}}
{"timestamp": "2025-06-06 17:14:33,371", "level": "INFO", "username": "student1", "action": "login_failed", "extra": null}
{"timestamp": "2025-06-06 17:14:42,618", "level": "INFO", "username": "student1", "action": "login_success", "extra": null}
{"timestamp": "2025-06-06 17:14:51,746", "level": "INFO", "username": "student1", "action": "admin_exit_failed", "extra": null}
{"timestamp": "2025-06-06 17:15:21,763", "level": "INFO", "username": "student1", "action": "admin_exit", "extra": null}
{"timestamp": "2025-06-09 10:48:58,808", "level": "INFO", "username": "student1", "action": "login_success", "extra": null}
{"timestamp": "2025-06-09 10:49:59,460", "level": "INFO", "username": "student1", "action": "admin_exit", "extra": null}
{"timestamp": "2025-06-09 11:08:01,669", "level": "INFO", "username": "dias", "action": "login_success", "extra": null}
{"timestamp": "2025-06-09 11:08:19,150", "level": "INFO", "username": "dias", "action": "admin_exit", "extra": null}
{"timestamp": "2025-06-09 11:10:46,403", "level": "INFO", "username": "talip", "action": "login_success", "extra": null}
{"timestamp": "2025-06-09 11:14:46,728", "level": "INFO", "username": "talip", "action": "admin_exit", "extra": null}
{"timestamp": "2025-06-10 11:46:16,738", "level": "INFO", "username": "student1", "action": "login_success", "extra": null}
{"timestamp": "2025-06-10 11:46:44,839", "level": "INFO", "username": "student1", "action": "admin_exit", "extra": null}
{"timestamp": "2025-06-10 12:20:12,498", "level": "INFO", "username": "talip", "action": "login_success", "extra": null}
{"timestamp": "2025-06-10 12:20:32,812", "level": "INFO", "username": "talip", "action": "admin_exit", "extra": null}
{"timestamp": "2025-06-10 12:35:19,473", "level": "INFO", "username": "talip", "action": "login_failed", "extra": null}
{"timestamp": "2025-06-10 12:35:27,327", "level": "INFO", "username": "talip", "action": "login_success", "extra": null}
{"timestamp": "2025-06-10 13:06:06,142", "level": "INFO", "username": "dias", "action": "login_success", "extra": null}
{"timestamp": "2025-06-10 13:06:18,779", "level": "INFO", "username": "dias", "action": "admin_exit", "extra": null}
{"timestamp": "2025-06-10 13:11:14,351", "level": "INFO", "username": "dias", "action": "login_success", "extra": null}
{"timestamp": "2025-06-10 13:11:31,983", "level": "INFO", "username": "dias", "action": "admin_exit", "extra": null}
{"timestamp": "2025-06-10 14:23:08,184", "level": "INFO", "username": "talip", "action": "login_failed", "extra": null}
{"timestamp": "2025-06-10 14:23:14,362", "level": "INFO", "username": "talip", "action": "login_failed", "extra": null}
{"timestamp": "2025-06-10 14:23:27,491", "level": "INFO", "username": "st", "action": "login_success", "extra": null}
