{"timestamp": "2025-06-11 20:27:08,178", "level": "INFO", "username": "st", "action": "login_success", "extra": null}
{"timestamp": "2025-06-11 20:27:18,157", "level": "INFO", "username": "st", "action": "launch_app", "extra": {"app": "Visual Studio"}}
{"timestamp": "2025-06-11 20:27:29,822", "level": "INFO", "username": "st", "action": "admin_exit", "extra": null}
{"timestamp": "2025-06-12 01:42:46,853", "level": "INFO", "username": "st", "action": "login_success", "extra": null}
{"timestamp": "2025-06-12 01:43:09,030", "level": "INFO", "username": "st", "action": "admin_exit", "extra": null}
{"timestamp": "2025-06-12 11:57:05,095", "level": "INFO", "username": "st", "action": "login_success", "extra": null}
{"timestamp": "2025-06-13 00:20:49,288", "level": "INFO", "username": "st", "action": "login_success", "extra": null}
{"timestamp": "2025-06-13 00:26:29,053", "level": "INFO", "username": "st", "action": "login_success", "extra": null}
{"timestamp": "2025-06-13 00:26:31,826", "level": "INFO", "username": "st", "action": "launch_app", "extra": {"app": "PyCharm"}}
{"timestamp": "2025-06-13 00:26:37,360", "level": "INFO", "username": "st", "action": "launch_app", "extra": {"app": "Chrome"}}
{"timestamp": "2025-06-13 11:29:35,554", "level": "INFO", "username": "st", "action": "login_success", "extra": null}
{"timestamp": "2025-06-13 11:34:59,183", "level": "INFO", "username": "st", "action": "login_success", "extra": null}
{"timestamp": "2025-06-13 11:39:22,412", "level": "INFO", "username": "st", "action": "login_success", "extra": null}
{"timestamp": "2025-06-15 20:35:14,012", "level": "INFO", "username": "st", "action": "login_success", "extra": null}
{"timestamp": "2025-06-15 20:41:39,275", "level": "INFO", "username": "admin", "action": "login_failed", "extra": null}
{"timestamp": "2025-06-15 20:54:23,571", "level": "INFO", "username": "st", "action": "login_failed", "extra": null}
{"timestamp": "2025-06-15 20:54:31,133", "level": "INFO", "username": "st", "action": "login_failed", "extra": null}
{"timestamp": "2025-06-15 20:54:35,784", "level": "INFO", "username": "st", "action": "login_success", "extra": null}
{"timestamp": "2025-06-15 20:57:57,805", "level": "INFO", "username": "st", "action": "login_failed", "extra": null}
{"timestamp": "2025-06-15 20:58:05,542", "level": "INFO", "username": "st", "action": "login_success", "extra": null}
{"timestamp": "2025-06-16 18:59:45,439", "level": "INFO", "username": "st", "action": "login_success", "extra": null}
{"timestamp": "2025-06-16 19:09:12,976", "level": "INFO", "username": "st", "action": "login_success", "extra": null}
{"timestamp": "2025-06-16 19:13:44,121", "level": "INFO", "username": "st", "action": "admin_exit_failed", "extra": null}
{"timestamp": "2025-06-16 19:14:15,037", "level": "INFO", "username": "st", "action": "login_success", "extra": null}
{"timestamp": "2025-06-16 19:22:06,771", "level": "INFO", "username": "st", "action": "login_success", "extra": null}
{"timestamp": "2025-06-16 19:24:59,699", "level": "INFO", "username": "st", "action": "login_success", "extra": null}
{"timestamp": "2025-06-16 19:25:04,210", "level": "INFO", "username": "st", "action": "admin_exit_failed", "extra": null}
{"timestamp": "2025-06-16 19:27:20,180", "level": "INFO", "username": "st", "action": "login_success", "extra": null}
{"timestamp": "2025-06-16 19:29:47,845", "level": "INFO", "username": "st", "action": "login_success", "extra": null}
{"timestamp": "2025-06-16 19:31:00,378", "level": "INFO", "username": "st", "action": "login_success", "extra": null}
{"timestamp": "2025-06-16 19:31:32,237", "level": "INFO", "username": "st", "action": "login_success", "extra": null}
{"timestamp": "2025-06-16 19:44:29,142", "level": "INFO", "username": "st", "action": "login_success", "extra": null}
{"timestamp": "2025-06-16 19:51:53,938", "level": "INFO", "username": "st", "action": "login_success", "extra": null}
{"timestamp": "2025-06-16 19:53:51,918", "level": "INFO", "username": "st", "action": "login_success", "extra": null}
{"timestamp": "2025-06-16 19:58:28,882", "level": "INFO", "username": "st", "action": "login_success", "extra": null}
{"timestamp": "2025-06-16 20:06:06,045", "level": "INFO", "username": "st", "action": "login_success", "extra": null}
{"timestamp": "2025-06-16 20:10:22,401", "level": "INFO", "username": "st", "action": "login_success", "extra": null}
{"timestamp": "2025-06-16 20:11:11,217", "level": "INFO", "username": "st", "action": "login_success", "extra": null}
{"timestamp": "2025-06-16 20:11:31,126", "level": "INFO", "username": "st", "action": "admin_exit_failed", "extra": null}
{"timestamp": "2025-06-16 20:38:48,763", "level": "INFO", "username": "st", "action": "login_success", "extra": null}
{"timestamp": "2025-06-16 20:40:54,879", "level": "INFO", "username": "st", "action": "login_success", "extra": null}
{"timestamp": "2025-06-16 20:42:13,001", "level": "INFO", "username": "st", "action": "login_failed", "extra": null}
{"timestamp": "2025-06-16 20:42:19,852", "level": "INFO", "username": "st", "action": "login_success", "extra": null}
{"timestamp": "2025-06-16 20:45:57,171", "level": "INFO", "username": "st", "action": "login_success", "extra": null}
{"timestamp": "2025-06-16 20:46:41,953", "level": "INFO", "username": "st", "action": "login_success", "extra": null}
{"timestamp": "2025-06-16 20:57:22,408", "level": "INFO", "username": "st", "action": "login_success", "extra": null}
{"timestamp": "2025-06-17 00:01:20,932", "level": "INFO", "username": "st", "action": "login_success", "extra": null}
{"timestamp": "2025-06-17 00:03:30,257", "level": "INFO", "username": "st", "action": "login_success", "extra": null}
{"timestamp": "2025-06-17 00:05:07,928", "level": "INFO", "username": "st", "action": "login_success", "extra": null}
{"timestamp": "2025-06-17 00:05:29,248", "level": "INFO", "username": "st", "action": "launch_app", "extra": {"app": "Блокнот"}}
{"timestamp": "2025-06-17 00:05:35,613", "level": "INFO", "username": "st", "action": "launch_app", "extra": {"app": "Проводник"}}
{"timestamp": "2025-06-17 00:05:35,820", "level": "INFO", "username": "st", "action": "launch_app", "extra": {"app": "Проводник"}}
{"timestamp": "2025-06-17 00:05:42,552", "level": "INFO", "username": "st", "action": "launch_app", "extra": {"app": "Visual Studio"}}
{"timestamp": "2025-06-17 00:05:42,777", "level": "INFO", "username": "st", "action": "launch_app", "extra": {"app": "Visual Studio"}}
{"timestamp": "2025-06-17 00:06:21,826", "level": "INFO", "username": "st", "action": "admin_exit_failed", "extra": null}
{"timestamp": "2025-06-17 00:07:47,189", "level": "INFO", "username": "st", "action": "login_success", "extra": null}
{"timestamp": "2025-06-17 00:07:53,901", "level": "INFO", "username": "st", "action": "launch_app", "extra": {"app": "Chrome"}}
{"timestamp": "2025-06-17 00:07:54,081", "level": "INFO", "username": "st", "action": "launch_app", "extra": {"app": "Chrome"}}
{"timestamp": "2025-06-17 00:37:38,705", "level": "INFO", "username": "st", "action": "launch_app", "extra": {"app": "Блокнот"}}
{"timestamp": "2025-06-17 00:38:09,890", "level": "INFO", "username": "st", "action": "admin_exit_failed", "extra": null}
{"timestamp": "2025-06-17 00:57:26,708", "level": "INFO", "username": "st", "action": "login_success", "extra": null}
{"timestamp": "2025-06-17 00:57:33,250", "level": "INFO", "username": "st", "action": "admin_exit_failed", "extra": null}
